This is pdfTeX, Version 3.141592653-2.6-1.40.24 (MiKTeX 23.1) (preloaded format=pdflatex 2023.4.5)  26 AUG 2023 18:28
entering extended mode
 restricted \write18 enabled.
 %&-line parsing enabled.
**./AnaPetrovicMasterRad.tex
(AnaPetrovicMasterRad.tex
LaTeX2e <2022-11-01> patch level 1
L3 programming layer <2023-02-22>
(C:\Users\panap\AppData\Local\Programs\MiKTeX\tex/latex/memoir\memoir.cls
Document Class: memoir 2022/11/17 v3.7.19 configurable book, report, article do
cument class
(C:\Users\panap\AppData\Local\Programs\MiKTeX\tex/latex/etoolbox\etoolbox.sty
Package: etoolbox 2020/10/05 v2.5k e-TeX tools for LaTeX (JAW)
\etb@tempcnta=\count185
)
\onelineskip=\skip48
\lxvchars=\skip49
\xlvchars=\skip50
\@memcnta=\count186
\c@@memmarkcntra=\count187

(C:\Users\panap\AppData\Local\Programs\MiKTeX\tex/generic/iftex\iftex.sty
Package: iftex 2022/02/03 v1.0f TeX engine tests
)
\stockheight=\dimen140
\stockwidth=\dimen141
\trimtop=\skip51
\trimedge=\skip52

(C:\Users\panap\AppData\Local\Programs\MiKTeX\tex/latex/memoir\mem12.clo
File: mem12.clo 2022/07/29 v0.5 memoir class 12pt size option
)
\binding=\skip53
\spinemargin=\skip54
\foremargin=\skip55
\uppermargin=\skip56
\lowermargin=\skip57
\headdrop=\skip58
\normalrulethickness=\skip59
\mem@maxheadheight=\skip60
\mem@maxfootheight=\skip61
\headwidth=\skip62
\c@storedpagenumber=\count188
\memPD=\dimen142
\m@mabparskip=\skip63
\thanksmarkwidth=\skip64
\thanksmarksep=\skip65
\droptitle=\skip66
\c@book=\count189
\c@part=\count190
\c@chapter=\count191
\c@section=\count192
\c@subsection=\count193
\c@subsubsection=\count194
\c@paragraph=\count195
\c@subparagraph=\count196
\beforechapskip=\skip67
\midchapskip=\skip68
\afterchapskip=\skip69
\chapindent=\skip70
\bottomsectionskip=\skip71
\secindent=\skip72
\beforesecskip=\skip73
\aftersecskip=\skip74
\subsecindent=\skip75
\beforesubsecskip=\skip76
\aftersubsecskip=\skip77
\subsubsecindent=\skip78
\beforesubsubsecskip=\skip79
\aftersubsubsecskip=\skip80
\paraindent=\skip81
\beforeparaskip=\skip82
\afterparaskip=\skip83
\subparaindent=\skip84
\beforesubparaskip=\skip85
\aftersubparaskip=\skip86
\pfbreakskip=\skip87
\c@@ppsavesec=\count197
\c@@ppsaveapp=\count198
\ragrparindent=\dimen143
\everylistparindent=\dimen144
\parsepi=\skip88
\topsepi=\skip89
\itemsepi=\skip90
\parsepii=\skip91
\topsepii=\skip92
\topsepiii=\skip93
\itemsepii=\skip94
\itemsepiii=\skip95
\partopsepii=\skip96
\partopsepiii=\skip97
\m@msavetopsep=\skip98
\m@msavepartopsep=\skip99
\@enLab=\toks16
\abstitleskip=\skip100
\absleftindent=\skip101
\abs@leftindent=\dimen145
\absrightindent=\skip102
\absparindent=\skip103
\absparsep=\skip104
\c@vslineno=\count199
\c@poemline=\count266
\c@modulo@vs=\count267
\c@memfvsline=\count268
\vleftskip=\skip105
\vrightskip=\skip106
\stanzaskip=\skip107
\versewidth=\skip108
\vgap=\skip109
\vindent=\skip110
\vleftmargin=\dimen146
\c@verse=\count269
\c@chrsinstr=\count270
\beforepoemtitleskip=\skip111
\afterpoemtitleskip=\skip112
\c@poem=\count271
\beforePoemTitleskip=\skip113
\midPoemTitleskip=\skip114
\afterPoemTitleskip=\skip115

(C:\Users\panap\AppData\Local\Programs\MiKTeX\tex/latex/tools\array.sty
Package: array 2022/09/04 v2.5g Tabular extension package (FMi)
\col@sep=\dimen147
\ar@mcellbox=\box51
\extrarowheight=\dimen148
\NC@list=\toks17
\extratabsurround=\skip116
\backup@length=\skip117
\ar@cellbox=\box52
)
(C:\Users\panap\AppData\Local\Programs\MiKTeX\tex/latex/tools\dcolumn.sty
Package: dcolumn 2014/10/28 v1.06 decimal alignment package (DPC)
)
(C:\Users\panap\AppData\Local\Programs\MiKTeX\tex/latex/tools\delarray.sty
Package: delarray 2014/10/28 v1.01 array delimiter package (DPC)
)
(C:\Users\panap\AppData\Local\Programs\MiKTeX\tex/latex/tools\tabularx.sty
Package: tabularx 2020/01/15 v2.11c `tabularx' package (DPC)
\TX@col@width=\dimen149
\TX@old@table=\dimen150
\TX@old@col=\dimen151
\TX@target=\dimen152
\TX@delta=\dimen153
\TX@cols=\count272
\TX@ftn=\toks18
)
\heavyrulewidth=\dimen154
\lightrulewidth=\dimen155
\cmidrulewidth=\dimen156
\belowrulesep=\dimen157
\belowbottomsep=\dimen158
\aboverulesep=\dimen159
\abovetopsep=\dimen160
\cmidrulesep=\dimen161
\cmidrulekern=\dimen162
\defaultaddspace=\dimen163
\@cmidla=\count273
\@cmidlb=\count274
\@aboverulesep=\dimen164
\@belowrulesep=\dimen165
\@thisruleclass=\count275
\@lastruleclass=\count276
\@thisrulewidth=\dimen166
\ctableftskip=\skip118
\ctabrightskip=\skip119
\abovecolumnspenalty=\count277
\@linestogo=\count278
\@cellstogo=\count279
\@cellsincolumn=\count280
\crtok=\toks19
\@mincolumnwidth=\dimen167
\c@newflo@tctr=\count281
\mem@margin@floatbox=\box53
\@contcwidth=\skip120
\@contindw=\skip121
\abovecaptionskip=\skip122
\belowcaptionskip=\skip123
\subfloattopskip=\skip124
\subfloatcapskip=\skip125
\subfloatcaptopadj=\skip126
\subfloatbottomskip=\skip127
\subfloatlabelskip=\skip128
\subfloatcapmargin=\dimen168
\c@@contsubnum=\count282
\m@mscap@capbox=\box54
\m@mscap@fbox=\box55
\sidecapsep=\dimen169
\sidecapwidth=\dimen170
\m@m@tempdima=\dimen171
\m@mscapraise=\dimen172
\sidecapraise=\dimen173
\m@mscapmainwidth=\dimen174
\m@mscaplkern=\dimen175
\beforeepigraphskip=\skip129
\afterepigraphskip=\skip130
\epigraphwidth=\skip131
\epigraphrule=\skip132
LaTeX Info: Redefining \em on input line 7655.
LaTeX Info: Redefining \emph on input line 7663.
\tocentryskip=\skip133
\tocbaseline=\skip134
\cftparskip=\skip135
\cftbeforebookskip=\skip136
\cftbookindent=\dimen176
\cftbooknumwidth=\dimen177
\cftbeforepartskip=\skip137
\cftpartindent=\skip138
\cftpartnumwidth=\skip139
\cftbeforechapterskip=\skip140
\cftchapterindent=\skip141
\cftchapternumwidth=\skip142
\cftbeforesectionskip=\skip143
\cftsectionindent=\skip144
\cftsectionnumwidth=\skip145
\cftbeforesubsectionskip=\skip146
\cftsubsectionindent=\skip147
\cftsubsectionnumwidth=\skip148
\cftbeforesubsubsectionskip=\skip149
\cftsubsubsectionindent=\skip150
\cftsubsubsectionnumwidth=\skip151
\cftbeforeparagraphskip=\skip152
\cftparagraphindent=\skip153
\cftparagraphnumwidth=\skip154
\cftbeforesubparagraphskip=\skip155
\cftsubparagraphindent=\skip156
\cftsubparagraphnumwidth=\skip157
\prechapterprecisshift=\dimen178
\c@maxsecnumdepth=\count283
\bibindent=\dimen179
\bibitemsep=\skip158
\indexcolsep=\skip159
\indexrule=\skip160
\indexmarkstyle=\toks20
\@indexbox=\insert252
\glossarycolsep=\dimen180
\glossaryrule=\dimen181
\sideparvshift=\skip161
\sideins=\insert251
\sidebartopsep=\skip162
\sidebarhsep=\skip163
\sidebarvsep=\skip164
\sidebarwidth=\skip165
\footmarkwidth=\skip166
\footmarksep=\skip167
\footparindent=\skip168
\footinsdim=\skip169
\footinsv@r=\insert250
\@mpfootinsv@r=\insert249
\m@m@k=\count284
\m@m@h=\dimen182
\m@mipn@skip=\skip170
\sidefootins=\insert248
\sidefootadjust=\skip171
\sidefootheight=\skip172
\sidefoothsep=\skip173
\sidefootvsep=\skip174
\sidefootwidth=\skip175
\m@mdownsf=\skip176
\c@sidefootnote=\count285
\sidefootmarkwidth=\skip177
\sidefootmarksep=\skip178
\sidefootparindent=\skip179
\c@pagenote=\count286
\c@pagenoteshadow=\count287
\mem@pn@lastkern=\skip180
\every@verbatim=\toks21
\afterevery@verbatim=\toks22
\verbatim@line=\toks23
\tab@position=\count288
\verbatim@in@stream=\read2
\verbatimindent=\skip181
\verbatim@out=\write3
\bvboxsep=\skip182
\c@memfbvline=\count289
\c@bvlinectr=\count290
\bvnumlength=\skip183
\fb@frw=\dimen183
\fb@frh=\dimen184
\FrameRule=\dimen185
\FrameSep=\dimen186
\c@cp@cntr=\count291
\c@ism@mctr=\count292
\c@xsm@mctr=\count293
\c@csm@mctr=\count294
\c@ksm@mctr=\count295
\c@xksm@mctr=\count296
\c@cksm@mctr=\count297
\c@msm@mctr=\count298
\c@xmsm@mctr=\count299
\c@cmsm@mctr=\count300
\c@bsm@mctr=\count301
\c@workm@mctr=\count302
\c@sheetsequence=\count303
\c@lastsheet=\count304
\c@lastpage=\count305

(C:\Users\panap\AppData\Local\Programs\MiKTeX\tex/latex/textcase\textcase.sty
Package: textcase 2022/07/10 v1.03 Text only upper/lower case changing (DPC)
Package textcase Info: Defining Legacy names on input line 20.
)
\c@figure=\count306
\c@lofdepth=\count307
\cftbeforefigureskip=\skip184
\cftfigureindent=\skip185
\cftfigurenumwidth=\skip186
\c@table=\count308
\c@lotdepth=\count309
\cftbeforetableskip=\skip187
\cfttableindent=\skip188
\cfttablenumwidth=\skip189
Package abstract [2008/07/23] emulated by memoir.
Package appendix [2008/07/23] emulated by memoir.
Package booktabs [2016/05/16] emulated by memoir.
Package ccaption [2008/07/23] emulated by memoir.
Package changepage [2008/07/23] emulated by memoir.
Package chngcntr [2008/07/23] emulated by memoir.
Package chngpage [2008/07/23] emulated by memoir.
Package crop emulated by memoir.
Package enumerate [2008/07/23] emulated by memoir.
Package epigraph [2008/07/23] emulated by memoir.
Package ifmtarg [2008/07/23] emulated by memoir.
Package index [2008/07/23] emulated by memoir.
Package makeidx [2008/07/23] emulated by memoir.
Package moreverb [2008/07/23] emulated by memoir.
Package needspace [2008/07/23] emulated by memoir.
Package newfile [2008/07/23] emulated by memoir.
Package nextpage [2008/07/23] emulated by memoir.
Package pagenote [2008/07/23] emulated by memoir.
Package parskip [2008/07/23] emulated by memoir.
Package patchcmd [2008/07/23] emulated by memoir.
Package setspace [2008/07/23] emulated by memoir.
Package shortvrb [2008/07/23] emulated by memoir.
Package showidx [2008/07/23] emulated by memoir.
Package titleref [2008/07/23] emulated by memoir.
Package titling [2008/07/23] emulated by memoir.
Package tocbibind [2008/07/23] emulated by memoir.
Package tocloft [2008/07/23] emulated by memoir.
Package tocvsec2 [2008/07/23] emulated by memoir.
Package verbatim [2008/07/23] emulated by memoir.
Package verse [2008/07/23] emulated by memoir.
) (matfmaster.sty
Package: matfmaster 2015/10/01 v.1.0 MATF master teza

(C:\Users\panap\AppData\Local\Programs\MiKTeX\tex/latex/base\inputenc.sty
Package: inputenc 2021/02/14 v1.3d Input encoding file
\inpenc@prehook=\toks24
\inpenc@posthook=\toks25
)
(C:\Users\panap\AppData\Local\Programs\MiKTeX\tex/generic/babel\babel.sty
Package: babel 2023/02/13 3.86 The Babel package
\babel@savecnt=\count310
\U@D=\dimen187
\l@unhyphenated=\language79

(C:\Users\panap\AppData\Local\Programs\MiKTeX\tex/generic/babel\txtbabel.def)
\bbl@readstream=\read3
\bbl@dirlevel=\count311

*************************************
* Local config file bblopts.cfg used
*
(C:\Users\panap\AppData\Local\Programs\MiKTeX\tex/latex/arabi\bblopts.cfg
File: bblopts.cfg 2005/09/08 v0.1 add Arabic and Farsi to "declared" options of
 babel
)
(C:\Users\panap\AppData\Local\Programs\MiKTeX\tex/latex/babel-english\english.l
df
Language: english 2017/06/06 v3.3r English support from the babel system
Package babel Info: Hyphen rules for 'canadian' set to \l@english
(babel)             (\language0). Reported on input line 102.
Package babel Info: Hyphen rules for 'australian' set to \l@ukenglish
(babel)             (\language73). Reported on input line 105.
Package babel Info: Hyphen rules for 'newzealand' set to \l@ukenglish
(babel)             (\language73). Reported on input line 108.
) (serbianc.ldf
Language: serbianc 2011/06/06 v2.2 Serbian cyrillic
)
(C:\Users\panap\AppData\Local\Programs\MiKTeX\tex/latex/babel-serbian\serbian.l
df
Language: serbian 2022/09/30 2.2a Serbian Latin support for the Babel system
Package babel Info: Making " an active character on input line 46.
\srbl@lettering=\count312
))
(C:\Users\panap\AppData\Local\Programs\MiKTeX\tex/generic/babel/locale/sr\babel
-serbian.tex
Package babel Info: Importing font and identification data for serbian
(babel)             from babel-sr.ini. Reported on input line 11.
)
(C:\Users\panap\AppData\Local\Programs\MiKTeX\tex/generic/babel/locale/en\babel
-english.tex
Package babel Info: Importing font and identification data for english
(babel)             from babel-en.ini. Reported on input line 11.
)
(C:\Users\panap\AppData\Local\Programs\MiKTeX\tex/latex/base\fontenc.sty
Package: fontenc 2021/04/29 v2.0v Standard LaTeX package

(C:\Users\panap\AppData\Local\Programs\MiKTeX\tex/latex/cyrillic\t2aenc.def
File: t2aenc.def 2022/06/11 v1.0j Cyrillic encoding definition file
Now handling font encoding T2A ...
... processing UTF-8 mapping file for font encoding T2A

(C:\Users\panap\AppData\Local\Programs\MiKTeX\tex/latex/base\t2aenc.dfu
File: t2aenc.dfu 2022/06/07 v1.3c UTF-8 support
   defining Unicode char U+00A4 (decimal 164)
   defining Unicode char U+00A7 (decimal 167)
   defining Unicode char U+00AB (decimal 171)
   defining Unicode char U+00BB (decimal 187)
   defining Unicode char U+0131 (decimal 305)
   defining Unicode char U+0237 (decimal 567)
   defining Unicode char U+0400 (decimal 1024)
   defining Unicode char U+0401 (decimal 1025)
   defining Unicode char U+0402 (decimal 1026)
   defining Unicode char U+0403 (decimal 1027)
   defining Unicode char U+0404 (decimal 1028)
   defining Unicode char U+0405 (decimal 1029)
   defining Unicode char U+0406 (decimal 1030)
   defining Unicode char U+0407 (decimal 1031)
   defining Unicode char U+0408 (decimal 1032)
   defining Unicode char U+0409 (decimal 1033)
   defining Unicode char U+040A (decimal 1034)
   defining Unicode char U+040B (decimal 1035)
   defining Unicode char U+040C (decimal 1036)
   defining Unicode char U+040D (decimal 1037)
   defining Unicode char U+040E (decimal 1038)
   defining Unicode char U+040F (decimal 1039)
   defining Unicode char U+0410 (decimal 1040)
   defining Unicode char U+0411 (decimal 1041)
   defining Unicode char U+0412 (decimal 1042)
   defining Unicode char U+0413 (decimal 1043)
   defining Unicode char U+0414 (decimal 1044)
   defining Unicode char U+0415 (decimal 1045)
   defining Unicode char U+0416 (decimal 1046)
   defining Unicode char U+0417 (decimal 1047)
   defining Unicode char U+0418 (decimal 1048)
   defining Unicode char U+0419 (decimal 1049)
   defining Unicode char U+041A (decimal 1050)
   defining Unicode char U+041B (decimal 1051)
   defining Unicode char U+041C (decimal 1052)
   defining Unicode char U+041D (decimal 1053)
   defining Unicode char U+041E (decimal 1054)
   defining Unicode char U+041F (decimal 1055)
   defining Unicode char U+0420 (decimal 1056)
   defining Unicode char U+0421 (decimal 1057)
   defining Unicode char U+0422 (decimal 1058)
   defining Unicode char U+0423 (decimal 1059)
   defining Unicode char U+0424 (decimal 1060)
   defining Unicode char U+0425 (decimal 1061)
   defining Unicode char U+0426 (decimal 1062)
   defining Unicode char U+0427 (decimal 1063)
   defining Unicode char U+0428 (decimal 1064)
   defining Unicode char U+0429 (decimal 1065)
   defining Unicode char U+042A (decimal 1066)
   defining Unicode char U+042B (decimal 1067)
   defining Unicode char U+042C (decimal 1068)
   defining Unicode char U+042D (decimal 1069)
   defining Unicode char U+042E (decimal 1070)
   defining Unicode char U+042F (decimal 1071)
   defining Unicode char U+0430 (decimal 1072)
   defining Unicode char U+0431 (decimal 1073)
   defining Unicode char U+0432 (decimal 1074)
   defining Unicode char U+0433 (decimal 1075)
   defining Unicode char U+0434 (decimal 1076)
   defining Unicode char U+0435 (decimal 1077)
   defining Unicode char U+0436 (decimal 1078)
   defining Unicode char U+0437 (decimal 1079)
   defining Unicode char U+0438 (decimal 1080)
   defining Unicode char U+0439 (decimal 1081)
   defining Unicode char U+043A (decimal 1082)
   defining Unicode char U+043B (decimal 1083)
   defining Unicode char U+043C (decimal 1084)
   defining Unicode char U+043D (decimal 1085)
   defining Unicode char U+043E (decimal 1086)
   defining Unicode char U+043F (decimal 1087)
   defining Unicode char U+0440 (decimal 1088)
   defining Unicode char U+0441 (decimal 1089)
   defining Unicode char U+0442 (decimal 1090)
   defining Unicode char U+0443 (decimal 1091)
   defining Unicode char U+0444 (decimal 1092)
   defining Unicode char U+0445 (decimal 1093)
   defining Unicode char U+0446 (decimal 1094)
   defining Unicode char U+0447 (decimal 1095)
   defining Unicode char U+0448 (decimal 1096)
   defining Unicode char U+0449 (decimal 1097)
   defining Unicode char U+044A (decimal 1098)
   defining Unicode char U+044B (decimal 1099)
   defining Unicode char U+044C (decimal 1100)
   defining Unicode char U+044D (decimal 1101)
   defining Unicode char U+044E (decimal 1102)
   defining Unicode char U+044F (decimal 1103)
   defining Unicode char U+0450 (decimal 1104)
   defining Unicode char U+0451 (decimal 1105)
   defining Unicode char U+0452 (decimal 1106)
   defining Unicode char U+0453 (decimal 1107)
   defining Unicode char U+0454 (decimal 1108)
   defining Unicode char U+0455 (decimal 1109)
   defining Unicode char U+0456 (decimal 1110)
   defining Unicode char U+0457 (decimal 1111)
   defining Unicode char U+0458 (decimal 1112)
   defining Unicode char U+0459 (decimal 1113)
   defining Unicode char U+045A (decimal 1114)
   defining Unicode char U+045B (decimal 1115)
   defining Unicode char U+045C (decimal 1116)
   defining Unicode char U+045D (decimal 1117)
   defining Unicode char U+045E (decimal 1118)
   defining Unicode char U+045F (decimal 1119)
   defining Unicode char U+0490 (decimal 1168)
   defining Unicode char U+0491 (decimal 1169)
   defining Unicode char U+0492 (decimal 1170)
   defining Unicode char U+0493 (decimal 1171)
   defining Unicode char U+0496 (decimal 1174)
   defining Unicode char U+0497 (decimal 1175)
   defining Unicode char U+0498 (decimal 1176)
   defining Unicode char U+0499 (decimal 1177)
   defining Unicode char U+049A (decimal 1178)
   defining Unicode char U+049B (decimal 1179)
   defining Unicode char U+049C (decimal 1180)
   defining Unicode char U+049D (decimal 1181)
   defining Unicode char U+04A0 (decimal 1184)
   defining Unicode char U+04A1 (decimal 1185)
   defining Unicode char U+04A2 (decimal 1186)
   defining Unicode char U+04A3 (decimal 1187)
   defining Unicode char U+04A4 (decimal 1188)
   defining Unicode char U+04A5 (decimal 1189)
   defining Unicode char U+04AA (decimal 1194)
   defining Unicode char U+04AB (decimal 1195)
   defining Unicode char U+04AE (decimal 1198)
   defining Unicode char U+04AF (decimal 1199)
   defining Unicode char U+04B0 (decimal 1200)
   defining Unicode char U+04B1 (decimal 1201)
   defining Unicode char U+04B2 (decimal 1202)
   defining Unicode char U+04B3 (decimal 1203)
   defining Unicode char U+04B6 (decimal 1206)
   defining Unicode char U+04B7 (decimal 1207)
   defining Unicode char U+04B8 (decimal 1208)
   defining Unicode char U+04B9 (decimal 1209)
   defining Unicode char U+04BA (decimal 1210)
   defining Unicode char U+04BB (decimal 1211)
   defining Unicode char U+04C0 (decimal 1216)
   defining Unicode char U+04C1 (decimal 1217)
   defining Unicode char U+04C2 (decimal 1218)
   defining Unicode char U+04D0 (decimal 1232)
   defining Unicode char U+04D1 (decimal 1233)
   defining Unicode char U+04D2 (decimal 1234)
   defining Unicode char U+04D3 (decimal 1235)
   defining Unicode char U+04D4 (decimal 1236)
   defining Unicode char U+04D5 (decimal 1237)
   defining Unicode char U+04D6 (decimal 1238)
   defining Unicode char U+04D7 (decimal 1239)
   defining Unicode char U+04D8 (decimal 1240)
   defining Unicode char U+04D9 (decimal 1241)
   defining Unicode char U+04DA (decimal 1242)
   defining Unicode char U+04DB (decimal 1243)
   defining Unicode char U+04DC (decimal 1244)
   defining Unicode char U+04DD (decimal 1245)
   defining Unicode char U+04DE (decimal 1246)
   defining Unicode char U+04DF (decimal 1247)
   defining Unicode char U+04E2 (decimal 1250)
   defining Unicode char U+04E3 (decimal 1251)
   defining Unicode char U+04E4 (decimal 1252)
   defining Unicode char U+04E5 (decimal 1253)
   defining Unicode char U+04E6 (decimal 1254)
   defining Unicode char U+04E7 (decimal 1255)
   defining Unicode char U+04E8 (decimal 1256)
   defining Unicode char U+04E9 (decimal 1257)
   defining Unicode char U+04EC (decimal 1260)
   defining Unicode char U+04ED (decimal 1261)
   defining Unicode char U+04EE (decimal 1262)
   defining Unicode char U+04EF (decimal 1263)
   defining Unicode char U+04F0 (decimal 1264)
   defining Unicode char U+04F1 (decimal 1265)
   defining Unicode char U+04F2 (decimal 1266)
   defining Unicode char U+04F3 (decimal 1267)
   defining Unicode char U+04F4 (decimal 1268)
   defining Unicode char U+04F5 (decimal 1269)
   defining Unicode char U+04F8 (decimal 1272)
   defining Unicode char U+04F9 (decimal 1273)
   defining Unicode char U+200C (decimal 8204)
   defining Unicode char U+2013 (decimal 8211)
   defining Unicode char U+2014 (decimal 8212)
   defining Unicode char U+2018 (decimal 8216)
   defining Unicode char U+2019 (decimal 8217)
   defining Unicode char U+201C (decimal 8220)
   defining Unicode char U+201D (decimal 8221)
   defining Unicode char U+201E (decimal 8222)
   defining Unicode char U+2030 (decimal 8240)
   defining Unicode char U+2031 (decimal 8241)
   defining Unicode char U+2116 (decimal 8470)
   defining Unicode char U+2329 (decimal 9001)
   defining Unicode char U+3008 (decimal 12296)
   defining Unicode char U+232A (decimal 9002)
   defining Unicode char U+3009 (decimal 12297)
   defining Unicode char U+2423 (decimal 9251)
   defining Unicode char U+27E8 (decimal 10216)
   defining Unicode char U+27E9 (decimal 10217)
   defining Unicode char U+FB00 (decimal 64256)
   defining Unicode char U+FB01 (decimal 64257)
   defining Unicode char U+FB02 (decimal 64258)
   defining Unicode char U+FB03 (decimal 64259)
   defining Unicode char U+FB04 (decimal 64260)
   defining Unicode char U+FB05 (decimal 64261)
   defining Unicode char U+FB06 (decimal 64262)
)))
\fntht=\skip190

(C:\Users\panap\AppData\Local\Programs\MiKTeX\tex/latex/graphics\graphicx.sty
Package: graphicx 2021/09/16 v1.2d Enhanced LaTeX Graphics (DPC,SPQR)

(C:\Users\panap\AppData\Local\Programs\MiKTeX\tex/latex/graphics\keyval.sty
Package: keyval 2022/05/29 v1.15 key=value parser (DPC)
\KV@toks@=\toks26
)
(C:\Users\panap\AppData\Local\Programs\MiKTeX\tex/latex/graphics\graphics.sty
Package: graphics 2022/03/10 v1.4e Standard LaTeX Graphics (DPC,SPQR)

(C:\Users\panap\AppData\Local\Programs\MiKTeX\tex/latex/graphics\trig.sty
Package: trig 2021/08/11 v1.11 sin cos tan (DPC)
)
(C:\Users\panap\AppData\Local\Programs\MiKTeX\tex/latex/graphics-cfg\graphics.c
fg
File: graphics.cfg 2016/06/04 v1.11 sample graphics configuration
)
Package graphics Info: Driver file: pdftex.def on input line 107.

(C:\Users\panap\AppData\Local\Programs\MiKTeX\tex/latex/graphics-def\pdftex.def
File: pdftex.def 2022/09/22 v1.2b Graphics/color driver for pdftex
))
\Gin@req@height=\dimen188
\Gin@req@width=\dimen189
)
(C:\Users\panap\AppData\Local\Programs\MiKTeX\tex/latex/pdfpages\pdfpages.sty
Package: pdfpages 2022/12/19 v0.5x Insert pages of external PDF documents (AM)

(C:\Users\panap\AppData\Local\Programs\MiKTeX\tex/latex/base\ifthen.sty
Package: ifthen 2022/04/13 v1.1d Standard LaTeX ifthen package (DPC)
)
(C:\Users\panap\AppData\Local\Programs\MiKTeX\tex/latex/tools\calc.sty
Package: calc 2017/05/25 v4.3 Infix arithmetic (KKT,FJ)
\calc@Acount=\count313
\calc@Bcount=\count314
\calc@Adimen=\dimen190
\calc@Bdimen=\dimen191
\calc@Askip=\skip191
\calc@Bskip=\skip192
LaTeX Info: Redefining \setlength on input line 80.
LaTeX Info: Redefining \addtolength on input line 81.
\calc@Ccount=\count315
\calc@Cskip=\skip193
)
(C:\Users\panap\AppData\Local\Programs\MiKTeX\tex/latex/eso-pic\eso-pic.sty
Package: eso-pic 2023/03/23 v3.0b eso-pic (RN)
\ESO@tempdima=\dimen192
\ESO@tempdimb=\dimen193

(C:\Users\panap\AppData\Local\Programs\MiKTeX\tex/latex/xcolor\xcolor.sty
Package: xcolor 2022/06/12 v2.14 LaTeX color extensions (UK)

(C:\Users\panap\AppData\Local\Programs\MiKTeX\tex/latex/graphics-cfg\color.cfg
File: color.cfg 2016/01/02 v1.6 sample color configuration
)
Package xcolor Info: Driver file: pdftex.def on input line 227.
(C:\Users\panap\AppData\Local\Programs\MiKTeX\tex/latex/graphics\mathcolor.ltx)
Package xcolor Info: Model `cmy' substituted by `cmy0' on input line 1353.
Package xcolor Info: Model `hsb' substituted by `rgb' on input line 1357.
Package xcolor Info: Model `RGB' extended on input line 1369.
Package xcolor Info: Model `HTML' substituted by `rgb' on input line 1371.
Package xcolor Info: Model `Hsb' substituted by `hsb' on input line 1372.
Package xcolor Info: Model `tHsb' substituted by `hsb' on input line 1373.
Package xcolor Info: Model `HSB' substituted by `hsb' on input line 1374.
Package xcolor Info: Model `Gray' substituted by `gray' on input line 1375.
Package xcolor Info: Model `wave' substituted by `hsb' on input line 1376.
))
\AM@pagewidth=\dimen194
\AM@pageheight=\dimen195
\AM@fboxrule=\dimen196

(C:\Users\panap\AppData\Local\Programs\MiKTeX\tex/latex/pdfpages\pppdftex.def
File: pppdftex.def 2022/12/19 v0.5x Pdfpages driver for pdfTeX (AM)
)
\pdfpages@includegraphics@status=\count316
\AM@pagebox=\box56
\AM@global@opts=\toks27
\AM@pagecnt=\count317
\AM@toc@title=\toks28
\AM@lof@heading=\toks29
\c@AM@survey=\count318
\AM@templatesizebox=\box57
) (C:\Users\panap\AppData\Local\Programs\MiKTeX\tex/latex/url\url.sty
\Urlmuskip=\muskip16
Package: url 2013/09/16  ver 3.4  Verb mode for urls, etc.
)
(C:\Users\panap\AppData\Local\Programs\MiKTeX\tex/latex/csquotes\csquotes.sty
Package: csquotes 2022-09-14 v5.2n context-sensitive quotations (JAW)
\csq@reset=\count319
\csq@gtype=\count320
\csq@glevel=\count321
\csq@qlevel=\count322
\csq@maxlvl=\count323
\csq@tshold=\count324
\csq@ltx@everypar=\toks30

(C:\Users\panap\AppData\Local\Programs\MiKTeX\tex/latex/csquotes\csquotes.def
File: csquotes.def 2022-09-14 v5.2n csquotes generic definitions (JAW)
)
Package csquotes Info: Trying to load configuration file 'csquotes.cfg'...
Package csquotes Info: ... configuration file loaded successfully.

(C:\Users\panap\AppData\Local\Programs\MiKTeX\tex/latex/csquotes\csquotes.cfg
File: csquotes.cfg 
))
Package csquotes Info: Redefining alias 'serbian' -> 'croatian'.
Package csquotes Info: Redefining alias 'serbianc' -> 'croatian'.
Package csquotes Info: Allocating character ".
(C:\Users\panap\AppData\Local\Programs\MiKTeX\tex/generic/iftex\ifxetex.sty
Package: ifxetex 2019/10/25 v0.7 ifxetex legacy package. Use iftex instead.
)
(C:\Users\panap\AppData\Local\Programs\MiKTeX\tex/latex/hyperref\hyperref.sty
Package: hyperref 2023-02-07 v7.00v Hypertext links for LaTeX

(C:\Users\panap\AppData\Local\Programs\MiKTeX\tex/generic/ltxcmds\ltxcmds.sty
Package: ltxcmds 2020-05-10 v1.25 LaTeX kernel commands for general use (HO)
)
(C:\Users\panap\AppData\Local\Programs\MiKTeX\tex/generic/pdftexcmds\pdftexcmds
.sty
Package: pdftexcmds 2020-06-27 v0.33 Utility functions of pdfTeX for LuaTeX (HO
)

(C:\Users\panap\AppData\Local\Programs\MiKTeX\tex/generic/infwarerr\infwarerr.s
ty
Package: infwarerr 2019/12/03 v1.5 Providing info/warning/error messages (HO)
)
Package pdftexcmds Info: \pdf@primitive is available.
Package pdftexcmds Info: \pdf@ifprimitive is available.
Package pdftexcmds Info: \pdfdraftmode found.
)
(C:\Users\panap\AppData\Local\Programs\MiKTeX\tex/latex/kvsetkeys\kvsetkeys.sty
Package: kvsetkeys 2022-10-05 v1.19 Key value parser (HO)
)
(C:\Users\panap\AppData\Local\Programs\MiKTeX\tex/generic/kvdefinekeys\kvdefine
keys.sty
Package: kvdefinekeys 2019-12-19 v1.6 Define keys (HO)
)
(C:\Users\panap\AppData\Local\Programs\MiKTeX\tex/generic/pdfescape\pdfescape.s
ty
Package: pdfescape 2019/12/09 v1.15 Implements pdfTeX's escape features (HO)
) (C:\Users\panap\AppData\Local\Programs\MiKTeX\tex/latex/hycolor\hycolor.sty
Package: hycolor 2020-01-27 v1.10 Color options for hyperref/bookmark (HO)
)
(C:\Users\panap\AppData\Local\Programs\MiKTeX\tex/latex/letltxmacro\letltxmacro
.sty
Package: letltxmacro 2019/12/03 v1.6 Let assignment for LaTeX macros (HO)
)
(C:\Users\panap\AppData\Local\Programs\MiKTeX\tex/latex/auxhook\auxhook.sty
Package: auxhook 2019-12-17 v1.6 Hooks for auxiliary files (HO)
)
(C:\Users\panap\AppData\Local\Programs\MiKTeX\tex/latex/hyperref\nameref.sty
Package: nameref 2022-05-17 v2.50 Cross-referencing by name of section

(C:\Users\panap\AppData\Local\Programs\MiKTeX\tex/latex/refcount\refcount.sty
Package: refcount 2019/12/15 v3.6 Data extraction from label references (HO)
)
(C:\Users\panap\AppData\Local\Programs\MiKTeX\tex/generic/gettitlestring\gettit
lestring.sty
Package: gettitlestring 2019/12/15 v1.6 Cleanup title references (HO)

(C:\Users\panap\AppData\Local\Programs\MiKTeX\tex/latex/kvoptions\kvoptions.sty
Package: kvoptions 2022-06-15 v3.15 Key value format for package options (HO)
))
\c@section@level=\count325
)
\@linkdim=\dimen197
\Hy@linkcounter=\count326
\Hy@pagecounter=\count327
 (C:\Users\panap\AppData\Local\Programs\MiKTeX\tex/latex/hyperref\pd1enc.def
File: pd1enc.def 2023-02-07 v7.00v Hyperref: PDFDocEncoding definition (HO)
Now handling font encoding PD1 ...
... no UTF-8 mapping file for font encoding PD1
) (C:\Users\panap\AppData\Local\Programs\MiKTeX\tex/generic/intcalc\intcalc.sty
Package: intcalc 2019/12/15 v1.3 Expandable calculations with integers (HO)
)
(C:\Users\panap\AppData\Local\Programs\MiKTeX\tex/generic/etexcmds\etexcmds.sty
Package: etexcmds 2019/12/15 v1.7 Avoid name clashes with e-TeX commands (HO)
)
\Hy@SavedSpaceFactor=\count328
 (C:\Users\panap\AppData\Local\Programs\MiKTeX\tex/latex/hyperref\puenc.def
File: puenc.def 2023-02-07 v7.00v Hyperref: PDF Unicode definition (HO)
Now handling font encoding PU ...
... no UTF-8 mapping file for font encoding PU
)
(hyperref.cfg)
Package hyperref Info: Option `unicode' set `true' on input line 4060.
Package hyperref Info: Hyper figures OFF on input line 4177.
Package hyperref Info: Link nesting OFF on input line 4182.
Package hyperref Info: Hyper index ON on input line 4185.
Package hyperref Info: Plain pages OFF on input line 4192.
Package hyperref Info: Backreferencing OFF on input line 4197.
Package hyperref Info: Implicit mode ON; LaTeX internals redefined.
Package hyperref Info: Bookmarks ON on input line 4425.
\c@Hy@tempcnt=\count329
LaTeX Info: Redefining \url on input line 4763.
\XeTeXLinkMargin=\dimen198

(C:\Users\panap\AppData\Local\Programs\MiKTeX\tex/generic/bitset\bitset.sty
Package: bitset 2019/12/09 v1.3 Handle bit-vector datatype (HO)

(C:\Users\panap\AppData\Local\Programs\MiKTeX\tex/generic/bigintcalc\bigintcalc
.sty
Package: bigintcalc 2019/12/15 v1.5 Expandable calculations on big integers (HO
)
))
\Fld@menulength=\count330
\Field@Width=\dimen199
\Fld@charsize=\dimen256
Package hyperref Info: Hyper figures OFF on input line 6042.
Package hyperref Info: Link nesting OFF on input line 6047.
Package hyperref Info: Hyper index ON on input line 6050.
Package hyperref Info: backreferencing OFF on input line 6057.
Package hyperref Info: Link coloring OFF on input line 6062.
Package hyperref Info: Link coloring with OCG OFF on input line 6067.
Package hyperref Info: PDF/A mode OFF on input line 6072.

(C:\Users\panap\AppData\Local\Programs\MiKTeX\tex/latex/base\atbegshi-ltx.sty
Package: atbegshi-ltx 2021/01/10 v1.0c Emulation of the original atbegshi
package with kernel methods
)
\Hy@abspage=\count331
\c@Item=\count332
\c@Hfootnote=\count333
)
Package hyperref Info: Driver (autodetected): hpdftex.
(C:\Users\panap\AppData\Local\Programs\MiKTeX\tex/latex/hyperref\hpdftex.def
File: hpdftex.def 2023-02-07 v7.00v Hyperref driver for pdfTeX

(C:\Users\panap\AppData\Local\Programs\MiKTeX\tex/latex/base\atveryend-ltx.sty
Package: atveryend-ltx 2020/08/19 v1.0a Emulation of the original atveryend pac
kage
with kernel methods
)
\Fld@listcount=\count334
\c@bookmark@seq@number=\count335

(C:\Users\panap\AppData\Local\Programs\MiKTeX\tex/latex/rerunfilecheck\rerunfil
echeck.sty
Package: rerunfilecheck 2022-07-10 v1.10 Rerun checks for auxiliary files (HO)

(C:\Users\panap\AppData\Local\Programs\MiKTeX\tex/generic/uniquecounter\uniquec
ounter.sty
Package: uniquecounter 2019/12/15 v1.4 Provide unlimited unique counter (HO)
)
Package uniquecounter Info: New unique counter `rerunfilecheck' on input line 2
85.
)
\Hy@SectionHShift=\skip194
)
(C:\Users\panap\AppData\Local\Programs\MiKTeX\tex/latex/memoir\memhfixc.sty
Package: memhfixc 2022/11/17 v1.20 nameref/hyperref package fixes for memoir cl
ass

Redoing nameref's sectioning
Redoing nameref's label
LaTeX Info: Redefining \nameref on input line 106.
\c@memhycontfloat=\count336
\c@Hpagenote=\count337
)
\@basemargin=\skip195


******************************************************
Stock height and width: 296.9965mm by 209.99753mm
Top and edge trims: 0mm and 0mm
Page height and width: 296.9965mm by 209.99753mm
Text height and width: 223.35008mm by 149.72012mm
Spine and edge margins: 29.99963mm and 29.99963mm
Upper and lower margins: 40.19185mm and 33.45456mm
Headheight and headsep: 5.60574mm and 5.0961mm
Footskip: 10.19221mm
Columnsep and columnseprule: 3.51456mm and 0mm
Marginparsep and marginparwidth: 2.46019mm and 25.07925mm
Sidecapsep and sidecapwidth: 2.46019mm and 17.57278mm
Sidebarhsep and sidebarwidth: 2.46019mm and 17.57278mm
Sidebarvsep and sidebartopsep: 5.0961mm and 0mm
Sidebarheight: 192.12323mm
Sidefoothsep and sidefootwidth: 2.46019mm and 17.57278mm
Sidefootvsep and sidefootheight: 5.0961mm and 192.12323mm
******************************************************

) (elm-highlighting.sty
Package: elm-highlighting 

(C:\Users\panap\AppData\Local\Programs\MiKTeX\tex/latex/listings\listings.sty
\lst@mode=\count338
\lst@gtempboxa=\box58
\lst@token=\toks31
\lst@length=\count339
\lst@currlwidth=\dimen257
\lst@column=\count340
\lst@pos=\count341
\lst@lostspace=\dimen258
\lst@width=\dimen259
\lst@newlines=\count342
\lst@lineno=\count343
\lst@maxwidth=\dimen260

(C:\Users\panap\AppData\Local\Programs\MiKTeX\tex/latex/listings\lstmisc.sty
File: lstmisc.sty 2023/02/27 1.9 (Carsten Heinz)
\c@lstnumber=\count344
\lst@skipnumbers=\count345
\lst@framebox=\box59
)
(C:\Users\panap\AppData\Local\Programs\MiKTeX\tex/latex/listings\listings.cfg
File: listings.cfg 2023/02/27 1.9 listings configuration
))
Package: listings 2023/02/27 1.9 (Carsten Heinz)
\currentchar=\count346
) (C:\Users\panap\AppData\Local\Programs\MiKTeX\tex/latex/lm\lmodern.sty
Package: lmodern 2015/05/01 v1.6.1 Latin Modern Fonts
LaTeX Font Info:    Overwriting symbol font `operators' in version `normal'
(Font)                  OT1/cmr/m/n --> OT1/lmr/m/n on input line 22.
LaTeX Font Info:    Overwriting symbol font `letters' in version `normal'
(Font)                  OML/cmm/m/it --> OML/lmm/m/it on input line 23.
LaTeX Font Info:    Overwriting symbol font `symbols' in version `normal'
(Font)                  OMS/cmsy/m/n --> OMS/lmsy/m/n on input line 24.
LaTeX Font Info:    Overwriting symbol font `largesymbols' in version `normal'
(Font)                  OMX/cmex/m/n --> OMX/lmex/m/n on input line 25.
LaTeX Font Info:    Overwriting symbol font `operators' in version `bold'
(Font)                  OT1/cmr/bx/n --> OT1/lmr/bx/n on input line 26.
LaTeX Font Info:    Overwriting symbol font `letters' in version `bold'
(Font)                  OML/cmm/b/it --> OML/lmm/b/it on input line 27.
LaTeX Font Info:    Overwriting symbol font `symbols' in version `bold'
(Font)                  OMS/cmsy/b/n --> OMS/lmsy/b/n on input line 28.
LaTeX Font Info:    Overwriting symbol font `largesymbols' in version `bold'
(Font)                  OMX/cmex/m/n --> OMX/lmex/m/n on input line 29.
LaTeX Font Info:    Overwriting math alphabet `\mathbf' in version `normal'
(Font)                  OT1/cmr/bx/n --> OT1/lmr/bx/n on input line 31.
LaTeX Font Info:    Overwriting math alphabet `\mathsf' in version `normal'
(Font)                  OT1/cmss/m/n --> OT1/lmss/m/n on input line 32.
LaTeX Font Info:    Overwriting math alphabet `\mathit' in version `normal'
(Font)                  OT1/cmr/m/it --> OT1/lmr/m/it on input line 33.
LaTeX Font Info:    Overwriting math alphabet `\mathtt' in version `normal'
(Font)                  OT1/cmtt/m/n --> OT1/lmtt/m/n on input line 34.
LaTeX Font Info:    Overwriting math alphabet `\mathbf' in version `bold'
(Font)                  OT1/cmr/bx/n --> OT1/lmr/bx/n on input line 35.
LaTeX Font Info:    Overwriting math alphabet `\mathsf' in version `bold'
(Font)                  OT1/cmss/bx/n --> OT1/lmss/bx/n on input line 36.
LaTeX Font Info:    Overwriting math alphabet `\mathit' in version `bold'
(Font)                  OT1/cmr/bx/it --> OT1/lmr/bx/it on input line 37.
LaTeX Font Info:    Overwriting math alphabet `\mathtt' in version `bold'
(Font)                  OT1/cmtt/m/n --> OT1/lmtt/m/n on input line 38.
)
(C:\Users\panap\AppData\Local\Programs\MiKTeX\tex/latex/base\fontenc.sty
Package: fontenc 2021/04/29 v2.0v Standard LaTeX package
LaTeX Font Info:    Trying to load font information for T1+lmr on input line 11
2.

(C:\Users\panap\AppData\Local\Programs\MiKTeX\tex/latex/lm\t1lmr.fd
File: t1lmr.fd 2015/05/01 v1.6.1 Font defs for Latin Modern
))
(C:\Users\panap\AppData\Local\Programs\MiKTeX\tex/latex/dejavu\DejaVuSansMono.s
ty
Package: DejaVuSansMono 2011/06/01 Style file for DejaVuSansMono.
)
(C:\Users\panap\AppData\Local\Programs\MiKTeX\tex/latex/multirow\multirow.sty
Package: multirow 2021/03/15 v2.8 Span multiple rows of a table
\multirow@colwidth=\skip196
\multirow@cntb=\count347
\multirow@dima=\skip197
\bigstrutjot=\dimen261
)
(C:\Users\panap\AppData\Local\Programs\MiKTeX\tex/latex/comment\comment.sty
\CommentStream=\write4

Excluding comment 'comment')
Package csquotes Info: Checking for multilingual support...
Package csquotes Info: ... found 'babel' package.
Package csquotes Info: Adjusting default style.
Package csquotes Info: Redefining alias 'default' -> 'serbian'.

(C:\Users\panap\AppData\Local\Programs\MiKTeX\tex/latex/l3backend\l3backend-pdf
tex.def
File: l3backend-pdftex.def 2023-01-16 L3 backend support: PDF output (pdfTeX)
\l__color_backend_stack_int=\count348
\l__pdf_internal_box=\box60
) (AnaPetrovicMasterRad.aux)
\openout1 = `AnaPetrovicMasterRad.aux'.

LaTeX Font Info:    Checking defaults for OML/cmm/m/it on input line 109.
LaTeX Font Info:    ... okay on input line 109.
LaTeX Font Info:    Checking defaults for OMS/cmsy/m/n on input line 109.
LaTeX Font Info:    ... okay on input line 109.
LaTeX Font Info:    Checking defaults for OT1/cmr/m/n on input line 109.
LaTeX Font Info:    ... okay on input line 109.
LaTeX Font Info:    Checking defaults for T1/cmr/m/n on input line 109.
LaTeX Font Info:    ... okay on input line 109.
LaTeX Font Info:    Checking defaults for TS1/cmr/m/n on input line 109.
LaTeX Font Info:    ... okay on input line 109.
LaTeX Font Info:    Checking defaults for OMX/cmex/m/n on input line 109.
LaTeX Font Info:    ... okay on input line 109.
LaTeX Font Info:    Checking defaults for U/cmr/m/n on input line 109.
LaTeX Font Info:    ... okay on input line 109.
LaTeX Font Info:    Checking defaults for T2A/cmr/m/n on input line 109.
LaTeX Font Info:    Trying to load font information for T2A+cmr on input line 1
09.

(C:\Users\panap\AppData\Local\Programs\MiKTeX\tex/latex/cyrillic\t2acmr.fd
File: t2acmr.fd 2001/08/11 v1.0a Computer Modern Cyrillic font definitions
)
LaTeX Font Info:    ... okay on input line 109.
LaTeX Font Info:    Checking defaults for PD1/pdf/m/n on input line 109.
LaTeX Font Info:    ... okay on input line 109.
LaTeX Font Info:    Checking defaults for PU/pdf/m/n on input line 109.
LaTeX Font Info:    ... okay on input line 109.

(C:\Users\panap\AppData\Local\Programs\MiKTeX\tex/context/base/mkii\supp-pdf.mk
ii
[Loading MPS to PDF converter (version 2006.09.02).]
\scratchcounter=\count349
\scratchdimen=\dimen262
\scratchbox=\box61
\nofMPsegments=\count350
\nofMParguments=\count351
\everyMPshowfont=\toks32
\MPscratchCnt=\count352
\MPscratchDim=\dimen263
\MPnumerator=\count353
\makeMPintoPDFobject=\count354
\everyMPtoPDFconversion=\toks33
)
(C:\Users\panap\AppData\Local\Programs\MiKTeX\tex/latex/epstopdf-pkg\epstopdf-b
ase.sty
Package: epstopdf-base 2020-01-24 v2.11 Base part for package epstopdf
Package epstopdf-base Info: Redefining graphics rule for `.eps' on input line 4
85.

(C:\Users\panap\AppData\Local\Programs\MiKTeX\tex/latex/00miktex\epstopdf-sys.c
fg
File: epstopdf-sys.cfg 2021/03/18 v2.0 Configuration of epstopdf for MiKTeX
))
(C:\Users\panap\AppData\Local\Programs\MiKTeX\tex/latex/pdflscape\pdflscape.sty
Package: pdflscape 2022-10-27 v0.13 Display of landscape pages in PDF

(C:\Users\panap\AppData\Local\Programs\MiKTeX\tex/latex/pdflscape\pdflscape-nom
etadata.sty
Package: pdflscape-nometadata 2022-10-28 v0.13 Display of landscape pages in PD
F (HO)

(C:\Users\panap\AppData\Local\Programs\MiKTeX\tex/latex/graphics\lscape.sty
Package: lscape 2020/05/28 v3.02 Landscape Pages (DPC)
)
Package pdflscape Info: Auto-detected driver: pdftex on input line 81.
))
Package csquotes Info: Redefining character " on input line 109.
Package hyperref Info: Link coloring OFF on input line 109.

(AnaPetrovicMasterRad.out) (AnaPetrovicMasterRad.out)
\@outlinefile=\write5
\openout5 = `AnaPetrovicMasterRad.out'.

\c@lstlisting=\count355
LaTeX Font Info:    Trying to load font information for T1+fos on input line 11
5.
LaTeX Font Info:    No file T1fos.fd. on input line 115.


LaTeX Font Warning: Font shape `T1/fos/m/n' undefined
(Font)              using `T1/cmr/m/n' instead on input line 115.


LaTeX Font Warning: Font shape `T1/fos/m/n' in size <16> not available
(Font)              size <17.28> substituted on input line 115.

<matf.png, id=79, 346.29375pt x 409.53pt>
File: matf.png Graphic file (type png)
<use matf.png>
Package pdftex.def Info: matf.png  used on input line 115.
(pdftex.def)             Requested size: 85.35826pt x 100.94499pt.

LaTeX Font Warning: Font shape `T1/fos/m/n' in size <22> not available
(Font)              size <20.74> substituted on input line 115.


LaTeX Font Warning: Font shape `T1/fos/b/n' undefined
(Font)              using `T1/fos/m/n' instead on input line 115.

[1



{C:/Users/panap/AppData/Local/MiKTeX/fonts/map/pdftex/pdftex.map} <./matf.png>]
 [2


]
Underfull \hbox (badness 10000) in paragraph at lines 121--121

 []

[3


] (AnaPetrovicMasterRad.toc
LaTeX Font Info:    Trying to load font information for OT1+lmr on input line 2
.

(C:\Users\panap\AppData\Local\Programs\MiKTeX\tex/latex/lm\ot1lmr.fd
File: ot1lmr.fd 2015/05/01 v1.6.1 Font defs for Latin Modern
)
LaTeX Font Info:    Trying to load font information for OML+lmm on input line 2
.

(C:\Users\panap\AppData\Local\Programs\MiKTeX\tex/latex/lm\omllmm.fd
File: omllmm.fd 2015/05/01 v1.6.1 Font defs for Latin Modern
)
LaTeX Font Info:    Trying to load font information for OMS+lmsy on input line 
2.

(C:\Users\panap\AppData\Local\Programs\MiKTeX\tex/latex/lm\omslmsy.fd
File: omslmsy.fd 2015/05/01 v1.6.1 Font defs for Latin Modern
)
LaTeX Font Info:    Trying to load font information for OMX+lmex on input line 
2.

(C:\Users\panap\AppData\Local\Programs\MiKTeX\tex/latex/lm\omxlmex.fd
File: omxlmex.fd 2015/05/01 v1.6.1 Font defs for Latin Modern
)
LaTeX Font Info:    External font `lmex10' loaded for size
(Font)              <12> on input line 2.
LaTeX Font Info:    External font `lmex10' loaded for size
(Font)              <8> on input line 2.
LaTeX Font Info:    External font `lmex10' loaded for size
(Font)              <6> on input line 2.
)
[4

] [1


] [2]
LaTeX Font Info:    Trying to load font information for TS1+lmr on input line 1
56.

(C:\Users\panap\AppData\Local\Programs\MiKTeX\tex/latex/lm\ts1lmr.fd
File: ts1lmr.fd 2015/05/01 v1.6.1 Font defs for Latin Modern
) [3

]
Underfull \hbox (badness 10000) in paragraph at lines 171--172

 []

Package hyperref Info: bookmark level for unknown lstlisting defaults to 0 on i
nput line 174.

Overfull \hbox (17.62482pt too wide) in paragraph at lines 173--185
[]$[]$ 
 []

[4]
Overfull \hbox (17.62482pt too wide) in paragraph at lines 190--197
[]$[]$ 
 []

[5] [6]
LaTeX Font Info:    External font `lmex10' loaded for size
(Font)              <10> on input line 211.
LaTeX Font Info:    External font `lmex10' loaded for size
(Font)              <7> on input line 211.
LaTeX Font Info:    External font `lmex10' loaded for size
(Font)              <5> on input line 211.
<piramidanova.png, id=186, 531.48563pt x 297.36093pt>
File: piramidanova.png Graphic file (type png)
<use piramidanova.png>
Package pdftex.def Info: piramidanova.png  used on input line 217.
(pdftex.def)             Requested size: 340.8013pt x 190.67787pt.
 [7 <./piramidanova.png>]
LaTeX Font Info:    Trying to load font information for T1+DejaVuSansMono-TLF o
n input line 230.

(C:\Users\panap\AppData\Local\Programs\MiKTeX\tex/latex/dejavu\t1dejavusansmono
-tlf.fd
File: T1DejaVuSansMono-TLF.fd 2011/06/01 Font definitions for T1/DejaVuSansMono
-TLF.
)
LaTeX Font Info:    Font shape `T1/DejaVuSansMono-TLF/m/n' will be
(Font)              scaled to size 10.79993pt on input line 230.

Overfull \hbox (17.62482pt too wide) in paragraph at lines 232--249
[]$[]$ 
 []

[8] [9] [10] [11]
Underfull \hbox (badness 10000) in paragraph at lines 288--289

 []


Overfull \hbox (17.62482pt too wide) in paragraph at lines 290--300
[]$[]$ 
 []

[12] [13]
Underfull \hbox (badness 10000) in paragraph at lines 310--312

 []


Overfull \hbox (17.62482pt too wide) in paragraph at lines 314--330
[]$[]$ 
 []

[14]
Overfull \hbox (17.62482pt too wide) in paragraph at lines 335--346
[]$[]$ 
 []

[15] Excluding 'comment' comment. [16]
<student-page.png, id=317, 961.09062pt x 477.28313pt>
File: student-page.png Graphic file (type png)
<use student-page.png>
Package pdftex.def Info: student-page.png  used on input line 398.
(pdftex.def)             Requested size: 383.3974pt x 190.40007pt.
<professor-page.png, id=320, 962.59625pt x 480.29437pt>
File: professor-page.png Graphic file (type png)
<use professor-page.png>
Package pdftex.def Info: professor-page.png  used on input line 405.
(pdftex.def)             Requested size: 383.3974pt x 191.29352pt.
 [17

] [18 <./student-page.png> <./professor-page.png>]
<msnr-arch.png, id=342, 714.16812pt x 287.57437pt>
File: msnr-arch.png Graphic file (type png)
<use msnr-arch.png>
Package pdftex.def Info: msnr-arch.png  used on input line 443.
(pdftex.def)             Requested size: 383.3974pt x 154.38391pt.
 [19]
<msnr-str.png, id=354, 316.93407pt x 587.94656pt>
File: msnr-str.png Graphic file (type png)
<use msnr-str.png>
Package pdftex.def Info: msnr-str.png  used on input line 453.
(pdftex.def)             Requested size: 213.0pt x 395.15123pt.
 [20 <./msnr-arch.png>] [21 <./msnr-str.png>]
<elmprog.png, id=378, 278.03876pt x 182.6825pt>
File: elmprog.png Graphic file (type png)
<use elmprog.png>
Package pdftex.def Info: elmprog.png  used on input line 467.
(pdftex.def)             Requested size: 213.0pt x 139.95235pt.
<msnr-elm.png, id=382, 337.26pt x 395.22656pt>
File: msnr-elm.png Graphic file (type png)
<use msnr-elm.png>
Package pdftex.def Info: msnr-elm.png  used on input line 478.
(pdftex.def)             Requested size: 255.6026pt x 299.53703pt.
 [22 <./elmprog.png>] [23 <./msnr-elm.png>] [24] [25]
Underfull \hbox (badness 10000) in paragraph at lines 504--505

 []


Overfull \hbox (17.62482pt too wide) in paragraph at lines 506--513
[]$[]$ 
 []

[26

]
LaTeX Font Info:    Font shape `T1/DejaVuSansMono-TLF/m/n' will be
(Font)              scaled to size 8.09995pt on input line 517.

Overfull \hbox (17.62482pt too wide) in paragraph at lines 516--527
[]$[]$ 
 []


Overfull \hbox (12.09973pt too wide) in paragraph at lines 531--532
\T1/lmr/m/n/12 da ko-ji se od-no-se na kon-tekst ko-ji opi-su-je ²i-fre ko-ri-s
ni-ka (\T1/lmr/m/it/12 Msn-rA-pi.Accounts.Password\T1/lmr/m/n/12 ).
 []

[27]
Underfull \hbox (badness 10000) in paragraph at lines 534--535

 []


Overfull \hbox (17.62482pt too wide) in paragraph at lines 537--559
[]$[]$ 
 []


Underfull \hbox (badness 10000) in paragraph at lines 560--561

 []


Overfull \hbox (17.62482pt too wide) in paragraph at lines 562--578
[]$[]$ 
 []

[28]
Underfull \hbox (badness 10000) in paragraph at lines 589--590

 []


Overfull \hbox (17.62482pt too wide) in paragraph at lines 591--603
[]$[]$ 
 []

[29] [30]
Underfull \hbox (badness 10000) in paragraph at lines 612--613

 []


Overfull \hbox (17.62482pt too wide) in paragraph at lines 614--625
[]$[]$ 
 []


Underfull \hbox (badness 10000) in paragraph at lines 627--628

 []


Overfull \hbox (17.62482pt too wide) in paragraph at lines 629--652
[]$[]$ 
 []

[31]
Underfull \hbox (badness 10000) in paragraph at lines 654--655

 []


Overfull \hbox (17.62482pt too wide) in paragraph at lines 656--670
[]$[]$ 
 []

[32]
Underfull \hbox (badness 10000) in paragraph at lines 674--675

 []

[33]
Overfull \hbox (17.62482pt too wide) in paragraph at lines 676--690
[]$[]$ 
 []


Underfull \hbox (badness 10000) in paragraph at lines 691--692

 []


Overfull \hbox (17.62482pt too wide) in paragraph at lines 694--707
[]$[]$ 
 []

[34]
Underfull \hbox (badness 5475) in paragraph at lines 721--722
[]|\T1/lmr/m/n/10.95 generisanje na-su-mi£-nih
 []


Underfull \hbox (badness 2538) in paragraph at lines 721--722
\T1/lmr/m/n/10.95 £e-ni-ca ili po-je-di-na£-nih
 []


Underfull \hbox (badness 5475) in paragraph at lines 723--724
[]|\T1/lmr/m/n/10.95 generisanje na-su-mi£-nih
 []


Overfull \hbox (2.49345pt too wide) in paragraph at lines 725--725
[]|\T1/lmr/bx/it/12 Faker.Internet| 
 []


Underfull \hbox (badness 5475) in paragraph at lines 725--726
[]|\T1/lmr/m/n/10.95 generisanje na-su-mi£-nih
 []


Overfull \hbox (3.21916pt too wide) in paragraph at lines 727--727
[]|\T1/lmr/bx/it/12 Faker.Random| 
 []


Underfull \hbox (badness 5475) in paragraph at lines 727--728
[]|\T1/lmr/m/n/10.95 generisanje na-su-mi£-nih
 []


Underfull \hbox (badness 5475) in paragraph at lines 729--730
[]|\T1/lmr/m/n/10.95 generisanje na-su-mi£-nih
 []


Underfull \hbox (badness 5475) in paragraph at lines 731--732
[]|\T1/lmr/m/n/10.95 generisanje na-su-mi£-nih
 []


Underfull \hbox (badness 4621) in paragraph at lines 731--732
\T1/lmr/m/n/10.95 da-tu-ma odre-že-ni broj
 []


Underfull \hbox (badness 10000) in paragraph at lines 739--740

 []

[35]
Overfull \hbox (17.62482pt too wide) in paragraph at lines 741--758
[]$[]$ 
 []


Underfull \hbox (badness 10000) in paragraph at lines 761--762

 []


Overfull \hbox (17.62482pt too wide) in paragraph at lines 763--778
[]$[]$ 
 []

[36]
Underfull \hbox (badness 10000) in paragraph at lines 779--780

 []


Overfull \hbox (17.62482pt too wide) in paragraph at lines 781--797
[]$[]$ 
 []


Underfull \hbox (badness 10000) in paragraph at lines 798--799

 []

[37]
Overfull \hbox (17.62482pt too wide) in paragraph at lines 800--820
[]$[]$ 
 []


Underfull \hbox (badness 10000) in paragraph at lines 821--822

 []

[38]
Overfull \hbox (17.62482pt too wide) in paragraph at lines 823--849
[]$[]$ 
 []


Underfull \hbox (badness 10000) in paragraph at lines 851--852

 []

[39]
Overfull \hbox (17.62482pt too wide) in paragraph at lines 853--875
[]$[]$ 
 []

[40]
Underfull \hbox (badness 2401) in paragraph at lines 889--890
[]|\T1/lmr/m/n/10.95 Kreira no-vu fa-bri-ku i
 []


Underfull \hbox (badness 2401) in paragraph at lines 893--894
[]|\T1/lmr/m/n/10.95 Kreira no-vu fa-bri-ku i
 []


Underfull \hbox (badness 2401) in paragraph at lines 895--896
[]|\T1/lmr/m/n/10.95 Kreira no-vu fa-bri-ku i
 []


Underfull \hbox (badness 1281) in paragraph at lines 895--896
\T1/lmr/m/n/10.95 ci-je pri-pa-da-nja dru-gim
 []


Underfull \hbox (badness 2401) in paragraph at lines 897--898
[]|\T1/lmr/m/n/10.95 Kreira no-vu fa-bri-ku i
 []


Overfull \hbox (1.22586pt too wide) in paragraph at lines 885--901
 [] 
 []


Underfull \hbox (badness 10000) in paragraph at lines 905--906

 []


Overfull \hbox (17.62482pt too wide) in paragraph at lines 907--917
[]$[]$ 
 []


Underfull \hbox (badness 10000) in paragraph at lines 918--919

 []

[41]
Overfull \hbox (17.62482pt too wide) in paragraph at lines 920--933
[]$[]$ 
 []


Underfull \hbox (badness 10000) in paragraph at lines 934--935

 []


Overfull \hbox (17.62482pt too wide) in paragraph at lines 936--949
[]$[]$ 
 []

[42]
Underfull \hbox (badness 10000) in paragraph at lines 954--955

 []


Overfull \hbox (17.62482pt too wide) in paragraph at lines 956--981
[]$[]$ 
 []

[43]
Underfull \hbox (badness 10000) in paragraph at lines 983--984

 []


Overfull \hbox (17.62482pt too wide) in paragraph at lines 985--1000
[]$[]$ 
 []

[44]
Underfull \hbox (badness 10000) in paragraph at lines 1001--1002

 []


Overfull \hbox (17.62482pt too wide) in paragraph at lines 1003--1023
[]$[]$ 
 []

[45]
Underfull \hbox (badness 10000) in paragraph at lines 1025--1026

 []


Overfull \hbox (17.62482pt too wide) in paragraph at lines 1027--1048
[]$[]$ 
 []


Underfull \hbox (badness 10000) in paragraph at lines 1049--1050

 []

[46]
Overfull \hbox (17.62482pt too wide) in paragraph at lines 1051--1060
[]$[]$ 
 []


Underfull \hbox (badness 10000) in paragraph at lines 1063--1065

 []


Overfull \hbox (17.62482pt too wide) in paragraph at lines 1067--1083
[]$[]$ 
 []

[47]
Overfull \hbox (17.62482pt too wide) in paragraph at lines 1085--1103
[]$[]$ 
 []


Underfull \hbox (badness 10000) in paragraph at lines 1105--1106

 []

[48]
Overfull \hbox (17.62482pt too wide) in paragraph at lines 1107--1121
[]$[]$ 
 []

[49]
Underfull \hbox (badness 10000) in paragraph at lines 1139--1140

 []


Overfull \hbox (17.62482pt too wide) in paragraph at lines 1141--1165
[]$[]$ 
 []

[50]
Underfull \hbox (badness 10000) in paragraph at lines 1170--1171

 []


Overfull \hbox (17.62482pt too wide) in paragraph at lines 1172--1184
[]$[]$ 
 []


Underfull \hbox (badness 10000) in paragraph at lines 1185--1186

 []

[51]
Overfull \hbox (17.62482pt too wide) in paragraph at lines 1187--1196
[]$[]$ 
 []


Overfull \hbox (17.62482pt too wide) in paragraph at lines 1203--1243
[]$[]$ 
 []

[52] [53]
Overfull \hbox (17.62482pt too wide) in paragraph at lines 1254--1261
[]$[]$ 
 []


Overfull \hbox (17.62482pt too wide) in paragraph at lines 1264--1271
[]$[]$ 
 []

[54

]
Overfull \hbox (17.62482pt too wide) in paragraph at lines 1278--1290
[]$[]$ 
 []


Overfull \hbox (17.62482pt too wide) in paragraph at lines 1299--1317
[]$[]$ 
 []

[55] [56]
<elmpass.png, id=1081, 661.97313pt x 197.23688pt>
File: elmpass.png Graphic file (type png)
<use elmpass.png>
Package pdftex.def Info: elmpass.png  used on input line 1324.
(pdftex.def)             Requested size: 383.3974pt x 114.23192pt.
<elmfail.png, id=1082, 663.98062pt x 359.84438pt>
File: elmfail.png Graphic file (type png)
<use elmfail.png>
Package pdftex.def Info: elmfail.png  used on input line 1331.
(pdftex.def)             Requested size: 383.3974pt x 207.78194pt.
 [57 <./elmpass.png> <./elmfail.png>]
Overfull \hbox (17.62482pt too wide) in paragraph at lines 1343--1354
[]$[]$ 
 []


Underfull \hbox (badness 10000) in paragraph at lines 1355--1356

 []

[58]
Overfull \hbox (17.62482pt too wide) in paragraph at lines 1357--1371
[]$[]$ 
 []

[59]
Overfull \hbox (1.22586pt too wide) in paragraph at lines 1379--1397
 [] 
 []

[60]
Overfull \hbox (17.62482pt too wide) in paragraph at lines 1406--1418
[]$[]$ 
 []


Overfull \hbox (17.62482pt too wide) in paragraph at lines 1421--1432
[]$[]$ 
 []

[61]
Overfull \hbox (17.62482pt too wide) in paragraph at lines 1436--1448
[]$[]$ 
 []


Overfull \hbox (17.62482pt too wide) in paragraph at lines 1449--1460
[]$[]$ 
 []

[62]
Overfull \hbox (17.62482pt too wide) in paragraph at lines 1463--1476
[]$[]$ 
 []


Overfull \hbox (17.62482pt too wide) in paragraph at lines 1479--1492
[]$[]$ 
 []

<expfail.png, id=1176, 413.545pt x 320.19624pt>
File: expfail.png Graphic file (type png)
<use expfail.png>
Package pdftex.def Info: expfail.png  used on input line 1495.
(pdftex.def)             Requested size: 298.1987pt x 230.89288pt.
[63] [64 <./expfail.png>]
Overfull \hbox (17.62482pt too wide) in paragraph at lines 1507--1512
[]$[]$ 
 []


Overfull \hbox (17.62482pt too wide) in paragraph at lines 1516--1530
[]$[]$ 
 []

[65]
Overfull \hbox (17.62482pt too wide) in paragraph at lines 1540--1552
[]$[]$ 
 []

[66]
Overfull \hbox (17.62482pt too wide) in paragraph at lines 1557--1562
[]$[]$ 
 []


Overfull \hbox (17.62482pt too wide) in paragraph at lines 1565--1575
[]$[]$ 
 []

[67]
Overfull \hbox (17.62482pt too wide) in paragraph at lines 1586--1597
[]$[]$ 
 []

[68]
Overfull \hbox (17.62482pt too wide) in paragraph at lines 1603--1616
[]$[]$ 
 []


Overfull \hbox (17.62482pt too wide) in paragraph at lines 1617--1630
[]$[]$ 
 []

[69] [70

] (AnaPetrovicMasterRad.bbl [71]
bibitemlist

Underfull \hbox (badness 3302) in paragraph at lines 4--6
[]\T1/lmr/m/n/12 on-line at: []$\T1/DejaVuSansMono-TLF/m/n/12 https : / / istqb
-[]main-[]web-[]prod . s3 . amazonaws . com / media /
 []


Underfull \hbox (badness 7486) in paragraph at lines 13--15
[]\T1/lmr/m/n/12 Node.js upra-vlja£ pa-ke-ta.  url: []$\T1/DejaVuSansMono-TLF/m
/n/12 https : / / www . npmjs . com / package /
 []


Underfull \hbox (badness 5878) in paragraph at lines 22--25
[]\T1/lmr/m/n/12 REST arc-hi-tec-tu-ral style.  on-line at: []$\T1/DejaVuSansMo
no-TLF/m/n/12 https : / / www . ics . uci . edu /
 []

[72

] [73]) [74] [75



]
\tf@toc=\write6
\openout6 = `AnaPetrovicMasterRad.toc'.

 (AnaPetrovicMasterRad.aux)

LaTeX Font Warning: Size substitutions with differences
(Font)              up to 1.28pt have occurred.


LaTeX Font Warning: Some font shapes were not available, defaults substituted.

Package rerunfilecheck Info: File `AnaPetrovicMasterRad.out' has not changed.
(rerunfilecheck)             Checksum: 886B7E46AFEE5F0A63150933EAD7926E;3729.
 ) 
Here is how much of TeX's memory you used:
 19899 strings out of 476334
 308655 string characters out of 5787972
 2145382 words of memory out of 5000000
 39193 multiletter control sequences out of 15000+600000
 611830 words of font info for 85 fonts, out of 8000000 for 9000
 1141 hyphenation exceptions out of 8191
 90i,12n,90p,2114b,1336s stack positions out of 10000i,1000n,20000p,200000b,200000s
{C:/Users/panap/AppData/Local/Programs/MiKTeX/fonts/enc/dvips/lm/lm-ec.enc}{C
:/Users/panap/AppData/Local/Programs/MiKTeX/fonts/enc/dvips/lm/lm-mathsy.enc}{C
:/Users/panap/AppData/Local/Programs/MiKTeX/fonts/enc/dvips/dejavu/dejavumono_t
1-type1.enc}{C:/Users/panap/AppData/Local/Programs/MiKTeX/fonts/enc/dvips/lm/lm
-ts1.enc} <C:\Users\panap\AppData\Local\MiKTeX\fonts/pk/ljfour/jknappen/ec/dpi6
00\ecrm1440.pk> <C:\Users\panap\AppData\Local\MiKTeX\fonts/pk/ljfour/jknappen/e
c/dpi600\ecrm2074.pk> <C:\Users\panap\AppData\Local\MiKTeX\fonts/pk/ljfour/jkna
ppen/ec/dpi600\ecrm1728.pk><C:/Users/panap/AppData/Local/Programs/MiKTeX/fonts/
type1/public/dejavu/DejaVuSansMono.pfb><C:/Users/panap/AppData/Local/Programs/M
iKTeX/fonts/type1/public/lm/lmbx10.pfb><C:/Users/panap/AppData/Local/Programs/M
iKTeX/fonts/type1/public/lm/lmbx12.pfb><C:/Users/panap/AppData/Local/Programs/M
iKTeX/fonts/type1/public/lm/lmbxi10.pfb><C:/Users/panap/AppData/Local/Programs/
MiKTeX/fonts/type1/public/lm/lmcsc10.pfb><C:/Users/panap/AppData/Local/Programs
/MiKTeX/fonts/type1/public/lm/lmr10.pfb><C:/Users/panap/AppData/Local/Programs/
MiKTeX/fonts/type1/public/lm/lmr12.pfb><C:/Users/panap/AppData/Local/Programs/M
iKTeX/fonts/type1/public/lm/lmr7.pfb><C:/Users/panap/AppData/Local/Programs/MiK
TeX/fonts/type1/public/lm/lmr8.pfb><C:/Users/panap/AppData/Local/Programs/MiKTe
X/fonts/type1/public/lm/lmri10.pfb><C:/Users/panap/AppData/Local/Programs/MiKTe
X/fonts/type1/public/lm/lmri12.pfb><C:/Users/panap/AppData/Local/Programs/MiKTe
X/fonts/type1/public/lm/lmsy10.pfb>
Output written on AnaPetrovicMasterRad.pdf (79 pages, 1022785 bytes).
PDF statistics:
 1705 PDF objects out of 1728 (max. 8388607)
 837 named destinations out of 1000 (max. 500000)
 208 words of extra memory for PDF output out of 10000 (max. 10000000)

