\BOOKMARK [0][-]{chapter.1}{\376\377\000U\000v\000o\000d}{}% 1
\BOOKMARK [0][-]{chapter.2}{\376\377\000F\000u\000n\000k\000c\000i\000o\000n\000a\000l\000n\000a\000\040\000p\000a\000r\000a\000d\000i\000g\000m\000a}{}% 2
\BOOKMARK [1][-]{section.2.1}{\376\377\000K\000a\000r\000a\000k\000t\000e\000r\000i\000s\000t\000i\000k\000e\000\040\000f\000u\000n\000k\000c\000i\000o\000n\000a\000l\000n\000i\000h\000\040\000j\000e\000z\000i\000k\000a}{chapter.2}% 3
\BOOKMARK [1][-]{section.2.2}{\376\377\000T\000e\000s\000t\000i\000r\000a\000n\000j\000e\000\040\000u\000\040\000r\000a\000z\000v\000o\000j\000u\000\040\000s\000o\000f\000t\000v\000e\000r\000a}{chapter.2}% 4
\BOOKMARK [1][-]{section.2.3}{\376\377\000T\000e\000s\000t\000i\000r\000a\000n\000j\000e\000\040\000f\000u\000n\000k\000c\000i\000o\000n\000a\000l\000n\000i\000h\000\040\000p\000r\000o\000g\000r\000a\000m\000a}{chapter.2}% 5
\BOOKMARK [0][-]{chapter.3}{\376\377\000P\000o\000r\000t\000a\000l\000\040\000M\000S\000N\000R}{}% 6
\BOOKMARK [1][-]{section.3.1}{\376\377\000F\000u\000n\000k\000c\000i\000o\000n\000a\000l\000n\000o\000s\000t\000i\000\040\000i\000\040\000o\000s\000n\000o\000v\000n\000i\000\040\000e\000n\000t\000i\000t\000e\000t\000i\000\040\000p\000o\000r\000t\000a\000l\000a}{chapter.3}% 7
\BOOKMARK [1][-]{section.3.2}{\376\377\000A\000r\000h\000i\000t\000e\000k\000t\000u\000r\000a\000\040\000p\000o\000r\000t\000a\000l\000a}{chapter.3}% 8
\BOOKMARK [1][-]{section.3.3}{\376\377\000T\000e\000s\000t\000i\000r\000a\000n\000j\000e\000\040\000p\000o\000r\000t\000a\000l\000a}{chapter.3}% 9
\BOOKMARK [0][-]{chapter.4}{\376\377\000T\000e\000s\000t\000i\000r\000a\000n\000j\000e\000\040\000s\000e\000r\000v\000e\000r\000s\000k\000o\000g\000\040\000d\000e\000l\000a\000\040\000a\000p\000l\000i\000k\000a\000c\000i\000j\000e}{}% 10
\BOOKMARK [1][-]{section.4.1}{\376\377\000U\000v\000o\000d\000\040\000u\000\040\000t\000e\000s\000t\000i\000r\000a\000n\000j\000e\000\040\000u\000\040\000o\000k\000r\000u\001\176\000e\000n\000j\000u\000\040\000E\000x\000U\000n\000i\000t}{chapter.4}% 11
\BOOKMARK [1][-]{section.4.2}{\376\377\000T\000e\000s\000t\000i\000r\000a\000n\000j\000e\000\040\000k\000o\000m\000u\000n\000i\000k\000a\000c\000i\000j\000e\000\040\000s\000a\000\040\000b\000a\000z\000o\000m\000\040\000p\000o\000d\000a\000t\000a\000k\000a}{chapter.4}% 12
\BOOKMARK [1][-]{section.4.3}{\376\377\000T\000e\000s\000t\000i\000r\000a\000n\000j\000e\000\040\000u\000p\000r\000a\000v\000l\000j\000a\001\015\000a\000\040\000i\000\040\000p\000o\000g\000l\000e\000d\000a}{chapter.4}% 13
\BOOKMARK [0][-]{chapter.5}{\376\377\000T\000e\000s\000t\000i\000r\000a\000n\000j\000e\000\040\000k\000l\000i\000j\000e\000n\000t\000s\000k\000o\000g\000\040\000d\000e\000l\000a\000\040\000a\000p\000l\000i\000k\000a\000c\000i\000j\000e}{}% 14
\BOOKMARK [1][-]{section.5.1}{\376\377\000U\000v\000o\000d\000\040\000u\000\040\000t\000e\000s\000t\000i\000r\000a\000n\000j\000e\000\040\000E\000l\000m\000\040\000a\000p\000l\000i\000k\000a\000c\000i\000j\000a}{chapter.5}% 15
\BOOKMARK [0][-]{chapter.6}{\376\377\000T\000e\000s\000t\000i\000r\000a\000n\000j\000e\000\040\000c\000e\000l\000o\000k\000u\000p\000n\000o\000g\000\040\000s\000i\000s\000t\000e\000m\000a\000\040\040\024\000\040\000E\000n\000d\000\040\000t\000o\000\040\000E\000n\000d}{}% 16
\BOOKMARK [1][-]{section.6.1}{\376\377\000I\000n\000t\000e\000g\000r\000a\000c\000i\000j\000a\000\040\000k\000l\000i\000j\000e\000n\000t\000s\000k\000e\000\040\000i\000\040\000s\000e\000r\000v\000e\000r\000s\000k\000e\000\040\000s\000t\000r\000a\000n\000e}{chapter.6}% 17
\BOOKMARK [1][-]{section.6.2}{\376\377\000T\000e\000s\000t\000i\000r\000a\000n\000j\000e\000\040\000o\000p\000t\000e\000r\000e\001\007\000e\000n\000j\000a}{chapter.6}% 18
\BOOKMARK [0][-]{chapter.7}{\376\377\000Z\000a\000k\000l\000j\000u\001\015\000a\000k}{}% 19
\BOOKMARK [0][-]{chapter*.29}{\376\377\000B\000i\000b\000l\000i\000o\000g\000r\000a\000f\000i\000j\000a}{}% 20
